2026-01-04T15:00:36 | touched: Cargo.toml
2026-01-03T00:52:13 | touched: src/main.rs
2024-09-22T19:05:51 | touched: src/main.rs
2024-04-16T03:05:50 | touched: src/lib.rs
2025-04-18T14:17:51 | touched: Cargo.toml
2025-08-24T02:20:55 | touched: LICENSE
2025-04-17T23:14:14 | touched: README.md
2024-03-22T01:29:25 | touched: src/main.rs
2026-01-20T15:54:18 | touched: src/lib.rs
2025-11-29T17:46:06 | touched: LICENSE
2025-05-06T07:29:30 | touched: src/main.rs
2025-08-26T22:25:07 | touched: src/main.rs
2026-01-09T12:22:10 | touched: README.md
2024-04-14T11:08:40 | touched: LICENSE
2026-01-14T23:30:29 | touched: src/main.rs
2024-10-26T18:02:37 | touched: src/main.rs
2026-01-11T09:31:34 | touched: LICENSE
2025-06-02T19:55:00 | touched: src/lib.rs
2025-07-08T13:53:10 | touched: README.md
2025-03-18T17:51:05 | touched: src/main.rs
2025-06-04T12:38:53 | touched: src/lib.rs
2025-06-27T00:32:46 | touched: README.md
2025-05-17T01:24:47 | touched: README.md
2025-09-04T21:36:49 | touched: src/lib.rs
2025-12-27T11:08:49 | touched: Cargo.toml
2025-07-27T15:51:40 | touched: Cargo.toml
2025-10-25T03:34:27 | touched: README.md
2025-02-10T16:59:53 | touched: src/lib.rs
2025-01-27T08:59:38 | touched: Cargo.toml
2025-02-22T16:33:37 | touched: README.md
2025-12-16T08:59:56 | touched: LICENSE
2025-04-03T11:54:44 | touched: LICENSE
2025-07-13T10:35:59 | touched: LICENSE
2025-09-26T10:31:34 | touched: README.md
2025-01-22T04:06:07 | touched: src/main.rs
2025-07-04T16:56:32 | touched: Cargo.toml
2025-09-24T19:36:09 | touched: README.md
2025-07-14T21:55:37 | touched: src/main.rs
2025-11-28T23:20:23 | touched: src/main.rs
2025-04-17T01:22:14 | touched: src/main.rs
2025-11-02T00:29:29 | touched: src/main.rs
2025-03-08T08:34:26 | touched: Cargo.toml
